[2024-11-05T21:35:37.179+0000] {taskinstance.py:1159} INFO - Dependencies all met for dep_context=non-requeueable deps ti=<TaskInstance: initial_transform.load_data manual__2024-11-05T21:35:32.800622+00:00 [queued]>
[2024-11-05T21:35:37.195+0000] {taskinstance.py:1159} INFO - Dependencies all met for dep_context=requeueable deps ti=<TaskInstance: initial_transform.load_data manual__2024-11-05T21:35:32.800622+00:00 [queued]>
[2024-11-05T21:35:37.196+0000] {taskinstance.py:1361} INFO - Starting attempt 1 of 1
[2024-11-05T21:35:37.220+0000] {taskinstance.py:1382} INFO - Executing <Task(_PythonDecoratedOperator): load_data> on 2024-11-05 21:35:32.800622+00:00
[2024-11-05T21:35:37.234+0000] {standard_task_runner.py:57} INFO - Started process 1234 to run task
[2024-11-05T21:35:37.240+0000] {standard_task_runner.py:84} INFO - Running: ['***', 'tasks', 'run', 'initial_transform', 'load_data', 'manual__2024-11-05T21:35:32.800622+00:00', '--job-id', '45', '--raw', '--subdir', 'DAGS_FOLDER/initial_transform.py', '--cfg-path', '/tmp/tmpjl4qyae_']
[2024-11-05T21:35:37.242+0000] {standard_task_runner.py:85} INFO - Job 45: Subtask load_data
[2024-11-05T21:35:37.311+0000] {task_command.py:416} INFO - Running <TaskInstance: initial_transform.load_data manual__2024-11-05T21:35:32.800622+00:00 [running]> on host c5156f201d33
[2024-11-05T21:35:37.426+0000] {taskinstance.py:1662} INFO - Exporting env vars: AIRFLOW_CTX_DAG_OWNER='***' AIRFLOW_CTX_DAG_ID='initial_transform' AIRFLOW_CTX_TASK_ID='load_data' AIRFLOW_CTX_EXECUTION_DATE='2024-11-05T21:35:32.800622+00:00' AIRFLOW_CTX_TRY_NUMBER='1' AIRFLOW_CTX_DAG_RUN_ID='manual__2024-11-05T21:35:32.800622+00:00'
[2024-11-05T21:35:37.447+0000] {connection.py:232} WARNING - Connection schemes (type: hive_cli) shall not contain '_' according to RFC3986.
[2024-11-05T21:35:37.447+0000] {base.py:73} INFO - Using connection ID 'HIVE_CONNECTION' for task execution.
[2024-11-05T21:35:37.633+0000] {hive.py:475} INFO - USE `default`
[2024-11-05T21:35:37.732+0000] {connection.py:232} WARNING - Connection schemes (type: hive_cli) shall not contain '_' according to RFC3986.
[2024-11-05T21:35:37.732+0000] {base.py:73} INFO - Using connection ID 'HIVE_CONNECTION' for task execution.
[2024-11-05T21:35:37.733+0000] {hive.py:475} INFO - set ***.ctx.dag_id=initial_transform
[2024-11-05T21:35:37.736+0000] {hive.py:475} INFO - set ***.ctx.task_id=load_data
[2024-11-05T21:35:37.743+0000] {hive.py:475} INFO - set ***.ctx.execution_date=2024-11-05T21:35:32.800622+00:00
[2024-11-05T21:35:37.747+0000] {hive.py:475} INFO - set ***.ctx.try_number=1
[2024-11-05T21:35:37.750+0000] {hive.py:475} INFO - set ***.ctx.dag_run_id=manual__2024-11-05T21:35:32.800622+00:00
[2024-11-05T21:35:37.752+0000] {hive.py:475} INFO - set ***.ctx.dag_owner=***
[2024-11-05T21:35:37.754+0000] {hive.py:475} INFO - set ***.ctx.dag_email=
[2024-11-05T21:35:37.757+0000] {hive.py:475} INFO - LOAD DATA INPATH '/data/programi.csv' OVERWRITE INTO TABLE programi
[2024-11-05T21:35:38.178+0000] {python.py:194} INFO - Done. Returned value was: None
[2024-11-05T21:35:38.196+0000] {taskinstance.py:1400} INFO - Marking task as SUCCESS. dag_id=initial_transform, task_id=load_data, execution_date=20241105T213532, start_date=20241105T213537, end_date=20241105T213538
[2024-11-05T21:35:38.254+0000] {local_task_job_runner.py:228} INFO - Task exited with return code 0
[2024-11-05T21:35:38.279+0000] {taskinstance.py:2778} INFO - 0 downstream tasks scheduled from follow-on schedule check
