[2024-11-05T21:43:39.070+0000] {taskinstance.py:1159} INFO - Dependencies all met for dep_context=non-requeueable deps ti=<TaskInstance: initial_transform.create_table manual__2024-11-05T21:43:38.173129+00:00 [queued]>
[2024-11-05T21:43:39.085+0000] {taskinstance.py:1159} INFO - Dependencies all met for dep_context=requeueable deps ti=<TaskInstance: initial_transform.create_table manual__2024-11-05T21:43:38.173129+00:00 [queued]>
[2024-11-05T21:43:39.086+0000] {taskinstance.py:1361} INFO - Starting attempt 1 of 1
[2024-11-05T21:43:39.104+0000] {taskinstance.py:1382} INFO - Executing <Task(_PythonDecoratedOperator): create_table> on 2024-11-05 21:43:38.173129+00:00
[2024-11-05T21:43:39.116+0000] {standard_task_runner.py:57} INFO - Started process 1359 to run task
[2024-11-05T21:43:39.121+0000] {standard_task_runner.py:84} INFO - Running: ['***', 'tasks', 'run', 'initial_transform', 'create_table', 'manual__2024-11-05T21:43:38.173129+00:00', '--job-id', '52', '--raw', '--subdir', 'DAGS_FOLDER/initial_transform.py', '--cfg-path', '/tmp/tmprfng__8w']
[2024-11-05T21:43:39.122+0000] {standard_task_runner.py:85} INFO - Job 52: Subtask create_table
[2024-11-05T21:43:39.194+0000] {task_command.py:416} INFO - Running <TaskInstance: initial_transform.create_table manual__2024-11-05T21:43:38.173129+00:00 [running]> on host c5156f201d33
[2024-11-05T21:43:39.295+0000] {taskinstance.py:1662} INFO - Exporting env vars: AIRFLOW_CTX_DAG_OWNER='***' AIRFLOW_CTX_DAG_ID='initial_transform' AIRFLOW_CTX_TASK_ID='create_table' AIRFLOW_CTX_EXECUTION_DATE='2024-11-05T21:43:38.173129+00:00' AIRFLOW_CTX_TRY_NUMBER='1' AIRFLOW_CTX_DAG_RUN_ID='manual__2024-11-05T21:43:38.173129+00:00'
[2024-11-05T21:43:39.311+0000] {connection.py:232} WARNING - Connection schemes (type: hive_cli) shall not contain '_' according to RFC3986.
[2024-11-05T21:43:39.311+0000] {base.py:73} INFO - Using connection ID 'HIVE_CONNECTION' for task execution.
[2024-11-05T21:43:39.419+0000] {hive.py:475} INFO - USE `default`
[2024-11-05T21:43:39.485+0000] {connection.py:232} WARNING - Connection schemes (type: hive_cli) shall not contain '_' according to RFC3986.
[2024-11-05T21:43:39.485+0000] {base.py:73} INFO - Using connection ID 'HIVE_CONNECTION' for task execution.
[2024-11-05T21:43:39.485+0000] {hive.py:475} INFO - set ***.ctx.dag_id=initial_transform
[2024-11-05T21:43:39.487+0000] {hive.py:475} INFO - set ***.ctx.task_id=create_table
[2024-11-05T21:43:39.489+0000] {hive.py:475} INFO - set ***.ctx.execution_date=2024-11-05T21:43:38.173129+00:00
[2024-11-05T21:43:39.491+0000] {hive.py:475} INFO - set ***.ctx.try_number=1
[2024-11-05T21:43:39.494+0000] {hive.py:475} INFO - set ***.ctx.dag_run_id=manual__2024-11-05T21:43:38.173129+00:00
[2024-11-05T21:43:39.496+0000] {hive.py:475} INFO - set ***.ctx.dag_owner=***
[2024-11-05T21:43:39.498+0000] {hive.py:475} INFO - set ***.ctx.dag_email=
[2024-11-05T21:43:39.500+0000] {hive.py:475} INFO - CREATE TABLE programi (Id INT, Nazivu STRING, Univerzitet STRING, Naziv STRING, Nivo STRING, Trajanje INT) row format delimited fields terminated by ',' TBLPROPERTIES('skip.header.line.count'='1')
[2024-11-05T21:43:39.554+0000] {python.py:194} INFO - Done. Returned value was: None
[2024-11-05T21:43:39.569+0000] {taskinstance.py:1400} INFO - Marking task as SUCCESS. dag_id=initial_transform, task_id=create_table, execution_date=20241105T214338, start_date=20241105T214339, end_date=20241105T214339
[2024-11-05T21:43:39.615+0000] {local_task_job_runner.py:228} INFO - Task exited with return code 0
[2024-11-05T21:43:39.644+0000] {taskinstance.py:2778} INFO - 1 downstream tasks scheduled from follow-on schedule check
