[2024-11-05T20:07:06.572+0000] {taskinstance.py:1159} INFO - Dependencies all met for dep_context=non-requeueable deps ti=<TaskInstance: initial_transform.transform manual__2024-11-05T20:03:47.889841+00:00 [queued]>
[2024-11-05T20:07:06.580+0000] {taskinstance.py:1159} INFO - Dependencies all met for dep_context=requeueable deps ti=<TaskInstance: initial_transform.transform manual__2024-11-05T20:03:47.889841+00:00 [queued]>
[2024-11-05T20:07:06.580+0000] {taskinstance.py:1361} INFO - Starting attempt 2 of 2
[2024-11-05T20:07:06.589+0000] {taskinstance.py:1382} INFO - Executing <Task(_PythonDecoratedOperator): transform> on 2024-11-05 20:03:47.889841+00:00
[2024-11-05T20:07:06.597+0000] {standard_task_runner.py:57} INFO - Started process 412 to run task
[2024-11-05T20:07:06.600+0000] {standard_task_runner.py:84} INFO - Running: ['***', 'tasks', 'run', 'initial_transform', 'transform', 'manual__2024-11-05T20:03:47.889841+00:00', '--job-id', '8', '--raw', '--subdir', 'DAGS_FOLDER/initial_transform.py', '--cfg-path', '/tmp/tmpn275q68_']
[2024-11-05T20:07:06.601+0000] {standard_task_runner.py:85} INFO - Job 8: Subtask transform
[2024-11-05T20:07:06.650+0000] {task_command.py:416} INFO - Running <TaskInstance: initial_transform.transform manual__2024-11-05T20:03:47.889841+00:00 [running]> on host 02af4744f5fd
[2024-11-05T20:07:06.738+0000] {taskinstance.py:1662} INFO - Exporting env vars: AIRFLOW_CTX_DAG_OWNER='***' AIRFLOW_CTX_DAG_ID='initial_transform' AIRFLOW_CTX_TASK_ID='transform' AIRFLOW_CTX_EXECUTION_DATE='2024-11-05T20:03:47.889841+00:00' AIRFLOW_CTX_TRY_NUMBER='2' AIRFLOW_CTX_DAG_RUN_ID='manual__2024-11-05T20:03:47.889841+00:00'
[2024-11-05T20:07:06.750+0000] {connection.py:232} WARNING - Connection schemes (type: hive_cli) shall not contain '_' according to RFC3986.
[2024-11-05T20:07:06.750+0000] {base.py:73} INFO - Using connection ID 'beeline_conn' for task execution.
[2024-11-05T20:07:06.867+0000] {hive.py:475} INFO - USE `default`
[2024-11-05T20:07:06.942+0000] {connection.py:232} WARNING - Connection schemes (type: hive_cli) shall not contain '_' according to RFC3986.
[2024-11-05T20:07:06.943+0000] {base.py:73} INFO - Using connection ID 'beeline_conn' for task execution.
[2024-11-05T20:07:07.014+0000] {hive.py:475} INFO - USE `default`
[2024-11-05T20:07:07.088+0000] {connection.py:232} WARNING - Connection schemes (type: hive_cli) shall not contain '_' according to RFC3986.
[2024-11-05T20:07:07.088+0000] {base.py:73} INFO - Using connection ID 'beeline_conn' for task execution.
[2024-11-05T20:07:07.088+0000] {hive.py:475} INFO - set ***.ctx.dag_id=initial_transform
[2024-11-05T20:07:07.091+0000] {hive.py:475} INFO - set ***.ctx.task_id=transform
[2024-11-05T20:07:07.093+0000] {hive.py:475} INFO - set ***.ctx.execution_date=2024-11-05T20:03:47.889841+00:00
[2024-11-05T20:07:07.095+0000] {hive.py:475} INFO - set ***.ctx.try_number=2
[2024-11-05T20:07:07.098+0000] {hive.py:475} INFO - set ***.ctx.dag_run_id=manual__2024-11-05T20:03:47.889841+00:00
[2024-11-05T20:07:07.102+0000] {hive.py:475} INFO - set ***.ctx.dag_owner=***
[2024-11-05T20:07:07.106+0000] {hive.py:475} INFO - set ***.ctx.dag_email=
[2024-11-05T20:07:07.108+0000] {hive.py:475} INFO - select * from invites
[2024-11-05T20:07:07.355+0000] {hive.py:998} INFO - Done. Loaded a total of 500 rows.
[2024-11-05T20:07:07.356+0000] {python.py:194} INFO - Done. Returned value was: None
[2024-11-05T20:07:07.367+0000] {taskinstance.py:1400} INFO - Marking task as SUCCESS. dag_id=initial_transform, task_id=transform, execution_date=20241105T200347, start_date=20241105T200706, end_date=20241105T200707
[2024-11-05T20:07:07.414+0000] {local_task_job_runner.py:228} INFO - Task exited with return code 0
[2024-11-05T20:07:07.440+0000] {taskinstance.py:2778} INFO - 0 downstream tasks scheduled from follow-on schedule check
