[2024-11-05T14:56:18.578+0000] {taskinstance.py:1159} INFO - Dependencies all met for dep_context=non-requeueable deps ti=<TaskInstance: initial_dag.name_node_task manual__2024-11-05T14:55:30.096134+00:00 [queued]>
[2024-11-05T14:56:18.586+0000] {taskinstance.py:1159} INFO - Dependencies all met for dep_context=requeueable deps ti=<TaskInstance: initial_dag.name_node_task manual__2024-11-05T14:55:30.096134+00:00 [queued]>
[2024-11-05T14:56:18.586+0000] {taskinstance.py:1361} INFO - Starting attempt 4 of 4
[2024-11-05T14:56:18.596+0000] {taskinstance.py:1382} INFO - Executing <Task(SSHOperator): name_node_task> on 2024-11-05 14:55:30.096134+00:00
[2024-11-05T14:56:18.604+0000] {standard_task_runner.py:57} INFO - Started process 128 to run task
[2024-11-05T14:56:18.606+0000] {standard_task_runner.py:84} INFO - Running: ['***', 'tasks', 'run', 'initial_dag', 'name_node_task', 'manual__2024-11-05T14:55:30.096134+00:00', '--job-id', '6', '--raw', '--subdir', 'DAGS_FOLDER/initial-dag.py', '--cfg-path', '/tmp/tmp7e0vl7fm']
[2024-11-05T14:56:18.607+0000] {standard_task_runner.py:85} INFO - Job 6: Subtask name_node_task
[2024-11-05T14:56:18.659+0000] {task_command.py:416} INFO - Running <TaskInstance: initial_dag.name_node_task manual__2024-11-05T14:55:30.096134+00:00 [running]> on host b7124ba1e092
[2024-11-05T14:56:18.736+0000] {taskinstance.py:1662} INFO - Exporting env vars: AIRFLOW_CTX_DAG_OWNER='***' AIRFLOW_CTX_DAG_ID='initial_dag' AIRFLOW_CTX_TASK_ID='name_node_task' AIRFLOW_CTX_EXECUTION_DATE='2024-11-05T14:55:30.096134+00:00' AIRFLOW_CTX_TRY_NUMBER='4' AIRFLOW_CTX_DAG_RUN_ID='manual__2024-11-05T14:55:30.096134+00:00'
[2024-11-05T14:56:18.737+0000] {ssh.py:152} INFO - Creating ssh_client
[2024-11-05T14:56:18.738+0000] {ssh.py:300} WARNING - No Host Key Verification. This won't protect against Man-In-The-Middle attacks
[2024-11-05T14:56:18.744+0000] {transport.py:1893} INFO - Connected (version 2.0, client OpenSSH_7.4p1)
[2024-11-05T14:56:18.806+0000] {transport.py:1893} INFO - Authentication (password) successful!
[2024-11-05T14:56:18.807+0000] {ssh.py:478} INFO - Running command: ls && ls -al && pwd && ls /data -al
[2024-11-05T14:56:18.864+0000] {ssh.py:524} INFO - total 20
[2024-11-05T14:56:18.864+0000] {ssh.py:524} INFO - drwx------ 1 root root 4096 Feb  4  2020 .
[2024-11-05T14:56:18.864+0000] {ssh.py:524} INFO - drwxr-xr-x 1 root root 4096 Nov  5 14:53 ..
[2024-11-05T14:56:18.864+0000] {ssh.py:524} INFO - -rw-r--r-- 1 root root  570 Jan 31  2010 .bashrc
[2024-11-05T14:56:18.864+0000] {ssh.py:524} INFO - drwx------ 1 root root 4096 Feb  4  2020 .gnupg
[2024-11-05T14:56:18.865+0000] {ssh.py:524} INFO - -rw-r--r-- 1 root root  148 Aug 17  2015 .profile
[2024-11-05T14:56:18.865+0000] {ssh.py:524} INFO - /root
[2024-11-05T14:56:18.866+0000] {ssh.py:524} INFO - total 12
[2024-11-05T14:56:18.866+0000] {ssh.py:524} INFO - drwxrwxr-x 2 1000 1000 4096 Nov  5 14:53 .
[2024-11-05T14:56:18.866+0000] {ssh.py:524} INFO - drwxr-xr-x 1 root root 4096 Nov  5 14:53 ..
[2024-11-05T14:56:18.866+0000] {ssh.py:524} INFO - -rw-rw-r-- 1 1000 1000    6 Nov  5 14:56 example.txt
[2024-11-05T14:56:18.907+0000] {taskinstance.py:1400} INFO - Marking task as SUCCESS. dag_id=initial_dag, task_id=name_node_task, execution_date=20241105T145530, start_date=20241105T145618, end_date=20241105T145618
[2024-11-05T14:56:18.939+0000] {local_task_job_runner.py:228} INFO - Task exited with return code 0
[2024-11-05T14:56:18.959+0000] {taskinstance.py:2778} INFO - 0 downstream tasks scheduled from follow-on schedule check
