[2024-11-05T21:47:30.838+0000] {taskinstance.py:1159} INFO - Dependencies all met for dep_context=non-requeueable deps ti=<TaskInstance: initial_transform.load_data manual__2024-11-05T21:47:28.588617+00:00 [queued]>
[2024-11-05T21:47:30.847+0000] {taskinstance.py:1159} INFO - Dependencies all met for dep_context=requeueable deps ti=<TaskInstance: initial_transform.load_data manual__2024-11-05T21:47:28.588617+00:00 [queued]>
[2024-11-05T21:47:30.848+0000] {taskinstance.py:1361} INFO - Starting attempt 1 of 1
[2024-11-05T21:47:30.859+0000] {taskinstance.py:1382} INFO - Executing <Task(_PythonDecoratedOperator): load_data> on 2024-11-05 21:47:28.588617+00:00
[2024-11-05T21:47:30.867+0000] {standard_task_runner.py:57} INFO - Started process 1431 to run task
[2024-11-05T21:47:30.871+0000] {standard_task_runner.py:84} INFO - Running: ['***', 'tasks', 'run', 'initial_transform', 'load_data', 'manual__2024-11-05T21:47:28.588617+00:00', '--job-id', '57', '--raw', '--subdir', 'DAGS_FOLDER/initial_transform.py', '--cfg-path', '/tmp/tmp9to427vf']
[2024-11-05T21:47:30.872+0000] {standard_task_runner.py:85} INFO - Job 57: Subtask load_data
[2024-11-05T21:47:30.925+0000] {task_command.py:416} INFO - Running <TaskInstance: initial_transform.load_data manual__2024-11-05T21:47:28.588617+00:00 [running]> on host c5156f201d33
[2024-11-05T21:47:31.014+0000] {taskinstance.py:1662} INFO - Exporting env vars: AIRFLOW_CTX_DAG_OWNER='***' AIRFLOW_CTX_DAG_ID='initial_transform' AIRFLOW_CTX_TASK_ID='load_data' AIRFLOW_CTX_EXECUTION_DATE='2024-11-05T21:47:28.588617+00:00' AIRFLOW_CTX_TRY_NUMBER='1' AIRFLOW_CTX_DAG_RUN_ID='manual__2024-11-05T21:47:28.588617+00:00'
[2024-11-05T21:47:31.028+0000] {connection.py:232} WARNING - Connection schemes (type: hive_cli) shall not contain '_' according to RFC3986.
[2024-11-05T21:47:31.028+0000] {base.py:73} INFO - Using connection ID 'HIVE_CONNECTION' for task execution.
[2024-11-05T21:47:31.136+0000] {hive.py:475} INFO - USE `default`
[2024-11-05T21:47:31.220+0000] {connection.py:232} WARNING - Connection schemes (type: hive_cli) shall not contain '_' according to RFC3986.
[2024-11-05T21:47:31.221+0000] {base.py:73} INFO - Using connection ID 'HIVE_CONNECTION' for task execution.
[2024-11-05T21:47:31.221+0000] {hive.py:475} INFO - set ***.ctx.dag_id=initial_transform
[2024-11-05T21:47:31.224+0000] {hive.py:475} INFO - set ***.ctx.task_id=load_data
[2024-11-05T21:47:31.227+0000] {hive.py:475} INFO - set ***.ctx.execution_date=2024-11-05T21:47:28.588617+00:00
[2024-11-05T21:47:31.230+0000] {hive.py:475} INFO - set ***.ctx.try_number=1
[2024-11-05T21:47:31.232+0000] {hive.py:475} INFO - set ***.ctx.dag_run_id=manual__2024-11-05T21:47:28.588617+00:00
[2024-11-05T21:47:31.235+0000] {hive.py:475} INFO - set ***.ctx.dag_owner=***
[2024-11-05T21:47:31.238+0000] {hive.py:475} INFO - set ***.ctx.dag_email=
[2024-11-05T21:47:31.240+0000] {hive.py:475} INFO - LOAD DATA INPATH '/data/sprogrami2016.csv' OVERWRITE INTO TABLE programi
[2024-11-05T21:47:31.545+0000] {python.py:194} INFO - Done. Returned value was: None
[2024-11-05T21:47:31.555+0000] {taskinstance.py:1400} INFO - Marking task as SUCCESS. dag_id=initial_transform, task_id=load_data, execution_date=20241105T214728, start_date=20241105T214730, end_date=20241105T214731
[2024-11-05T21:47:31.604+0000] {local_task_job_runner.py:228} INFO - Task exited with return code 0
[2024-11-05T21:47:31.623+0000] {taskinstance.py:2778} INFO - 0 downstream tasks scheduled from follow-on schedule check
