[2024-11-05T21:47:33.504+0000] {taskinstance.py:1159} INFO - Dependencies all met for dep_context=non-requeueable deps ti=<TaskInstance: initial_transform.describe_table manual__2024-11-05T21:47:28.588617+00:00 [queued]>
[2024-11-05T21:47:33.530+0000] {taskinstance.py:1159} INFO - Dependencies all met for dep_context=requeueable deps ti=<TaskInstance: initial_transform.describe_table manual__2024-11-05T21:47:28.588617+00:00 [queued]>
[2024-11-05T21:47:33.531+0000] {taskinstance.py:1361} INFO - Starting attempt 1 of 1
[2024-11-05T21:47:33.546+0000] {taskinstance.py:1382} INFO - Executing <Task(_PythonDecoratedOperator): describe_table> on 2024-11-05 21:47:28.588617+00:00
[2024-11-05T21:47:33.557+0000] {standard_task_runner.py:57} INFO - Started process 1433 to run task
[2024-11-05T21:47:33.561+0000] {standard_task_runner.py:84} INFO - Running: ['***', 'tasks', 'run', 'initial_transform', 'describe_table', 'manual__2024-11-05T21:47:28.588617+00:00', '--job-id', '58', '--raw', '--subdir', 'DAGS_FOLDER/initial_transform.py', '--cfg-path', '/tmp/tmpk69le1f1']
[2024-11-05T21:47:33.563+0000] {standard_task_runner.py:85} INFO - Job 58: Subtask describe_table
[2024-11-05T21:47:33.636+0000] {task_command.py:416} INFO - Running <TaskInstance: initial_transform.describe_table manual__2024-11-05T21:47:28.588617+00:00 [running]> on host c5156f201d33
[2024-11-05T21:47:33.751+0000] {taskinstance.py:1662} INFO - Exporting env vars: AIRFLOW_CTX_DAG_OWNER='***' AIRFLOW_CTX_DAG_ID='initial_transform' AIRFLOW_CTX_TASK_ID='describe_table' AIRFLOW_CTX_EXECUTION_DATE='2024-11-05T21:47:28.588617+00:00' AIRFLOW_CTX_TRY_NUMBER='1' AIRFLOW_CTX_DAG_RUN_ID='manual__2024-11-05T21:47:28.588617+00:00'
[2024-11-05T21:47:33.770+0000] {connection.py:232} WARNING - Connection schemes (type: hive_cli) shall not contain '_' according to RFC3986.
[2024-11-05T21:47:33.770+0000] {base.py:73} INFO - Using connection ID 'HIVE_CONNECTION' for task execution.
[2024-11-05T21:47:33.882+0000] {hive.py:475} INFO - USE `default`
[2024-11-05T21:47:33.948+0000] {connection.py:232} WARNING - Connection schemes (type: hive_cli) shall not contain '_' according to RFC3986.
[2024-11-05T21:47:33.948+0000] {base.py:73} INFO - Using connection ID 'HIVE_CONNECTION' for task execution.
[2024-11-05T21:47:33.948+0000] {hive.py:475} INFO - set ***.ctx.dag_id=initial_transform
[2024-11-05T21:47:33.951+0000] {hive.py:475} INFO - set ***.ctx.task_id=describe_table
[2024-11-05T21:47:33.952+0000] {hive.py:475} INFO - set ***.ctx.execution_date=2024-11-05T21:47:28.588617+00:00
[2024-11-05T21:47:33.954+0000] {hive.py:475} INFO - set ***.ctx.try_number=1
[2024-11-05T21:47:33.956+0000] {hive.py:475} INFO - set ***.ctx.dag_run_id=manual__2024-11-05T21:47:28.588617+00:00
[2024-11-05T21:47:33.959+0000] {hive.py:475} INFO - set ***.ctx.dag_owner=***
[2024-11-05T21:47:33.961+0000] {hive.py:475} INFO - set ***.ctx.dag_email=
[2024-11-05T21:47:33.963+0000] {hive.py:475} INFO - DESCRIBE FORMATTED programi
[2024-11-05T21:47:33.985+0000] {python.py:194} INFO - Done. Returned value was: None
[2024-11-05T21:47:33.995+0000] {taskinstance.py:1400} INFO - Marking task as SUCCESS. dag_id=initial_transform, task_id=describe_table, execution_date=20241105T214728, start_date=20241105T214733, end_date=20241105T214733
[2024-11-05T21:47:34.058+0000] {local_task_job_runner.py:228} INFO - Task exited with return code 0
[2024-11-05T21:47:34.373+0000] {taskinstance.py:2778} INFO - 0 downstream tasks scheduled from follow-on schedule check
