[2024-11-05T22:41:00.577+0000] {taskinstance.py:1159} INFO - Dependencies all met for dep_context=non-requeueable deps ti=<TaskInstance: spark_transform.transform manual__2024-11-05T22:35:00.192023+00:00 [queued]>
[2024-11-05T22:41:00.585+0000] {taskinstance.py:1159} INFO - Dependencies all met for dep_context=requeueable deps ti=<TaskInstance: spark_transform.transform manual__2024-11-05T22:35:00.192023+00:00 [queued]>
[2024-11-05T22:41:00.585+0000] {taskinstance.py:1361} INFO - Starting attempt 5 of 5
[2024-11-05T22:41:00.596+0000] {taskinstance.py:1382} INFO - Executing <Task(SparkSubmitOperator): transform> on 2024-11-05 22:35:00.192023+00:00
[2024-11-05T22:41:00.603+0000] {standard_task_runner.py:57} INFO - Started process 397 to run task
[2024-11-05T22:41:00.606+0000] {standard_task_runner.py:84} INFO - Running: ['***', 'tasks', 'run', 'spark_transform', 'transform', 'manual__2024-11-05T22:35:00.192023+00:00', '--job-id', '7', '--raw', '--subdir', 'DAGS_FOLDER/spark_transform.py', '--cfg-path', '/tmp/tmptm2uxw5e']
[2024-11-05T22:41:00.607+0000] {standard_task_runner.py:85} INFO - Job 7: Subtask transform
[2024-11-05T22:41:00.663+0000] {task_command.py:416} INFO - Running <TaskInstance: spark_transform.transform manual__2024-11-05T22:35:00.192023+00:00 [running]> on host d28d2a319403
[2024-11-05T22:41:00.735+0000] {taskinstance.py:1662} INFO - Exporting env vars: AIRFLOW_CTX_DAG_OWNER='***' AIRFLOW_CTX_DAG_ID='spark_transform' AIRFLOW_CTX_TASK_ID='transform' AIRFLOW_CTX_EXECUTION_DATE='2024-11-05T22:35:00.192023+00:00' AIRFLOW_CTX_TRY_NUMBER='5' AIRFLOW_CTX_DAG_RUN_ID='manual__2024-11-05T22:35:00.192023+00:00'
[2024-11-05T22:41:00.746+0000] {base.py:73} INFO - Using connection ID 'SPARK_CONNECTION' for task execution.
[2024-11-05T22:41:00.747+0000] {spark_submit.py:366} INFO - Spark-Submit cmd: spark-submit --master spark://spark-master:7077 --name arrow-spark --verbose jobs/example.py
[2024-11-05T22:41:00.758+0000] {spark_submit.py:536} INFO - /opt/spark/bin/load-spark-env.sh: line 68: ps: command not found
[2024-11-05T22:41:02.025+0000] {spark_submit.py:536} INFO - Using properties file: null
[2024-11-05T22:41:02.184+0000] {spark_submit.py:536} INFO - Parsed arguments:
[2024-11-05T22:41:02.185+0000] {spark_submit.py:536} INFO - master                  spark://spark-master:7077
[2024-11-05T22:41:02.185+0000] {spark_submit.py:536} INFO - remote                  null
[2024-11-05T22:41:02.185+0000] {spark_submit.py:536} INFO - deployMode              null
[2024-11-05T22:41:02.185+0000] {spark_submit.py:536} INFO - executorMemory          null
[2024-11-05T22:41:02.185+0000] {spark_submit.py:536} INFO - executorCores           null
[2024-11-05T22:41:02.185+0000] {spark_submit.py:536} INFO - totalExecutorCores      null
[2024-11-05T22:41:02.185+0000] {spark_submit.py:536} INFO - propertiesFile          null
[2024-11-05T22:41:02.185+0000] {spark_submit.py:536} INFO - driverMemory            null
[2024-11-05T22:41:02.185+0000] {spark_submit.py:536} INFO - driverCores             null
[2024-11-05T22:41:02.185+0000] {spark_submit.py:536} INFO - driverExtraClassPath    null
[2024-11-05T22:41:02.186+0000] {spark_submit.py:536} INFO - driverExtraLibraryPath  null
[2024-11-05T22:41:02.186+0000] {spark_submit.py:536} INFO - driverExtraJavaOptions  null
[2024-11-05T22:41:02.186+0000] {spark_submit.py:536} INFO - supervise               false
[2024-11-05T22:41:02.186+0000] {spark_submit.py:536} INFO - queue                   null
[2024-11-05T22:41:02.186+0000] {spark_submit.py:536} INFO - numExecutors            null
[2024-11-05T22:41:02.186+0000] {spark_submit.py:536} INFO - files                   null
[2024-11-05T22:41:02.186+0000] {spark_submit.py:536} INFO - pyFiles                 null
[2024-11-05T22:41:02.186+0000] {spark_submit.py:536} INFO - archives                null
[2024-11-05T22:41:02.186+0000] {spark_submit.py:536} INFO - mainClass               null
[2024-11-05T22:41:02.186+0000] {spark_submit.py:536} INFO - primaryResource         file:/opt/***/jobs/example.py
[2024-11-05T22:41:02.186+0000] {spark_submit.py:536} INFO - name                    arrow-spark
[2024-11-05T22:41:02.186+0000] {spark_submit.py:536} INFO - childArgs               []
[2024-11-05T22:41:02.187+0000] {spark_submit.py:536} INFO - jars                    null
[2024-11-05T22:41:02.187+0000] {spark_submit.py:536} INFO - packages                null
[2024-11-05T22:41:02.187+0000] {spark_submit.py:536} INFO - packagesExclusions      null
[2024-11-05T22:41:02.187+0000] {spark_submit.py:536} INFO - repositories            null
[2024-11-05T22:41:02.187+0000] {spark_submit.py:536} INFO - verbose                 true
[2024-11-05T22:41:02.187+0000] {spark_submit.py:536} INFO - 
[2024-11-05T22:41:02.187+0000] {spark_submit.py:536} INFO - Spark properties used, including those specified through
[2024-11-05T22:41:02.187+0000] {spark_submit.py:536} INFO - --conf and those from the properties file null:
[2024-11-05T22:41:02.187+0000] {spark_submit.py:536} INFO - 
[2024-11-05T22:41:02.187+0000] {spark_submit.py:536} INFO - 
[2024-11-05T22:41:02.187+0000] {spark_submit.py:536} INFO - 
[2024-11-05T22:41:02.512+0000] {spark_submit.py:536} INFO - Main class:
[2024-11-05T22:41:02.512+0000] {spark_submit.py:536} INFO - org.apache.spark.deploy.PythonRunner
[2024-11-05T22:41:02.512+0000] {spark_submit.py:536} INFO - Arguments:
[2024-11-05T22:41:02.513+0000] {spark_submit.py:536} INFO - file:/opt/***/jobs/example.py
[2024-11-05T22:41:02.513+0000] {spark_submit.py:536} INFO - null
[2024-11-05T22:41:02.517+0000] {spark_submit.py:536} INFO - Spark config:
[2024-11-05T22:41:02.517+0000] {spark_submit.py:536} INFO - (spark.app.name,arrow-spark)
[2024-11-05T22:41:02.517+0000] {spark_submit.py:536} INFO - (spark.app.submitTime,1730846462495)
[2024-11-05T22:41:02.517+0000] {spark_submit.py:536} INFO - (spark.master,spark://spark-master:7077)
[2024-11-05T22:41:02.517+0000] {spark_submit.py:536} INFO - (spark.submit.deployMode,client)
[2024-11-05T22:41:02.518+0000] {spark_submit.py:536} INFO - (spark.submit.pyFiles,)
[2024-11-05T22:41:02.518+0000] {spark_submit.py:536} INFO - Classpath elements:
[2024-11-05T22:41:02.518+0000] {spark_submit.py:536} INFO - 
[2024-11-05T22:41:02.518+0000] {spark_submit.py:536} INFO - 
[2024-11-05T22:41:02.518+0000] {spark_submit.py:536} INFO - 
[2024-11-05T22:41:02.651+0000] {spark_submit.py:536} INFO - python3: can't open file '/opt/***/jobs/example.py': [Errno 2] No such file or directory
[2024-11-05T22:41:02.666+0000] {spark_submit.py:536} INFO - 24/11/05 22:41:02 INFO ShutdownHookManager: Shutdown hook called
[2024-11-05T22:41:02.668+0000] {spark_submit.py:536} INFO - 24/11/05 22:41:02 INFO ShutdownHookManager: Deleting directory /tmp/spark-7d681994-953c-416c-b11d-188bed8c3f07
[2024-11-05T22:41:02.725+0000] {taskinstance.py:1937} ERROR - Task failed with exception
Traceback (most recent call last):
  File "/home/airflow/.local/lib/python3.11/site-packages/airflow/providers/apache/spark/operators/spark_submit.py", line 174, in execute
    self._hook.submit(self._application)
  File "/home/airflow/.local/lib/python3.11/site-packages/airflow/providers/apache/spark/hooks/spark_submit.py", line 467, in submit
    raise AirflowException(
airflow.exceptions.AirflowException: Cannot execute: spark-submit --master spark://spark-master:7077 --name arrow-spark --verbose jobs/example.py. Error code is: 2.
[2024-11-05T22:41:02.728+0000] {taskinstance.py:1400} INFO - Marking task as FAILED. dag_id=spark_transform, task_id=transform, execution_date=20241105T223500, start_date=20241105T224100, end_date=20241105T224102
[2024-11-05T22:41:02.746+0000] {standard_task_runner.py:104} ERROR - Failed to execute job 7 for task transform (Cannot execute: spark-submit --master spark://spark-master:7077 --name arrow-spark --verbose jobs/example.py. Error code is: 2.; 397)
[2024-11-05T22:41:02.783+0000] {local_task_job_runner.py:228} INFO - Task exited with return code 1
[2024-11-05T22:41:02.803+0000] {taskinstance.py:2778} INFO - 0 downstream tasks scheduled from follow-on schedule check
