[2024-11-05T21:35:35.495+0000] {taskinstance.py:1159} INFO - Dependencies all met for dep_context=non-requeueable deps ti=<TaskInstance: initial_transform.create_table manual__2024-11-05T21:35:32.800622+00:00 [queued]>
[2024-11-05T21:35:35.517+0000] {taskinstance.py:1159} INFO - Dependencies all met for dep_context=requeueable deps ti=<TaskInstance: initial_transform.create_table manual__2024-11-05T21:35:32.800622+00:00 [queued]>
[2024-11-05T21:35:35.517+0000] {taskinstance.py:1361} INFO - Starting attempt 1 of 1
[2024-11-05T21:35:35.549+0000] {taskinstance.py:1382} INFO - Executing <Task(_PythonDecoratedOperator): create_table> on 2024-11-05 21:35:32.800622+00:00
[2024-11-05T21:35:35.564+0000] {standard_task_runner.py:57} INFO - Started process 1232 to run task
[2024-11-05T21:35:35.570+0000] {standard_task_runner.py:84} INFO - Running: ['***', 'tasks', 'run', 'initial_transform', 'create_table', 'manual__2024-11-05T21:35:32.800622+00:00', '--job-id', '44', '--raw', '--subdir', 'DAGS_FOLDER/initial_transform.py', '--cfg-path', '/tmp/tmp5ndbzuy6']
[2024-11-05T21:35:35.573+0000] {standard_task_runner.py:85} INFO - Job 44: Subtask create_table
[2024-11-05T21:35:35.674+0000] {task_command.py:416} INFO - Running <TaskInstance: initial_transform.create_table manual__2024-11-05T21:35:32.800622+00:00 [running]> on host c5156f201d33
[2024-11-05T21:35:35.817+0000] {taskinstance.py:1662} INFO - Exporting env vars: AIRFLOW_CTX_DAG_OWNER='***' AIRFLOW_CTX_DAG_ID='initial_transform' AIRFLOW_CTX_TASK_ID='create_table' AIRFLOW_CTX_EXECUTION_DATE='2024-11-05T21:35:32.800622+00:00' AIRFLOW_CTX_TRY_NUMBER='1' AIRFLOW_CTX_DAG_RUN_ID='manual__2024-11-05T21:35:32.800622+00:00'
[2024-11-05T21:35:35.838+0000] {connection.py:232} WARNING - Connection schemes (type: hive_cli) shall not contain '_' according to RFC3986.
[2024-11-05T21:35:35.839+0000] {base.py:73} INFO - Using connection ID 'HIVE_CONNECTION' for task execution.
[2024-11-05T21:35:35.996+0000] {hive.py:475} INFO - USE `default`
[2024-11-05T21:35:36.116+0000] {connection.py:232} WARNING - Connection schemes (type: hive_cli) shall not contain '_' according to RFC3986.
[2024-11-05T21:35:36.116+0000] {base.py:73} INFO - Using connection ID 'HIVE_CONNECTION' for task execution.
[2024-11-05T21:35:36.116+0000] {hive.py:475} INFO - set ***.ctx.dag_id=initial_transform
[2024-11-05T21:35:36.120+0000] {hive.py:475} INFO - set ***.ctx.task_id=create_table
[2024-11-05T21:35:36.126+0000] {hive.py:475} INFO - set ***.ctx.execution_date=2024-11-05T21:35:32.800622+00:00
[2024-11-05T21:35:36.130+0000] {hive.py:475} INFO - set ***.ctx.try_number=1
[2024-11-05T21:35:36.132+0000] {hive.py:475} INFO - set ***.ctx.dag_run_id=manual__2024-11-05T21:35:32.800622+00:00
[2024-11-05T21:35:36.136+0000] {hive.py:475} INFO - set ***.ctx.dag_owner=***
[2024-11-05T21:35:36.142+0000] {hive.py:475} INFO - set ***.ctx.dag_email=
[2024-11-05T21:35:36.145+0000] {hive.py:475} INFO - CREATE TABLE programi (Id INT, Nazivu STRING, Univerzitet STRING, Naziv STRING, Nivo STRING, Trajanje INT)
[2024-11-05T21:35:36.199+0000] {python.py:194} INFO - Done. Returned value was: None
[2024-11-05T21:35:36.214+0000] {taskinstance.py:1400} INFO - Marking task as SUCCESS. dag_id=initial_transform, task_id=create_table, execution_date=20241105T213532, start_date=20241105T213535, end_date=20241105T213536
[2024-11-05T21:35:36.269+0000] {local_task_job_runner.py:228} INFO - Task exited with return code 0
[2024-11-05T21:35:36.319+0000] {taskinstance.py:2778} INFO - 1 downstream tasks scheduled from follow-on schedule check
