[2024-11-05T21:47:29.626+0000] {taskinstance.py:1159} INFO - Dependencies all met for dep_context=non-requeueable deps ti=<TaskInstance: initial_transform.create_table manual__2024-11-05T21:47:28.588617+00:00 [queued]>
[2024-11-05T21:47:29.634+0000] {taskinstance.py:1159} INFO - Dependencies all met for dep_context=requeueable deps ti=<TaskInstance: initial_transform.create_table manual__2024-11-05T21:47:28.588617+00:00 [queued]>
[2024-11-05T21:47:29.635+0000] {taskinstance.py:1361} INFO - Starting attempt 1 of 1
[2024-11-05T21:47:29.645+0000] {taskinstance.py:1382} INFO - Executing <Task(_PythonDecoratedOperator): create_table> on 2024-11-05 21:47:28.588617+00:00
[2024-11-05T21:47:29.653+0000] {standard_task_runner.py:57} INFO - Started process 1427 to run task
[2024-11-05T21:47:29.656+0000] {standard_task_runner.py:84} INFO - Running: ['***', 'tasks', 'run', 'initial_transform', 'create_table', 'manual__2024-11-05T21:47:28.588617+00:00', '--job-id', '56', '--raw', '--subdir', 'DAGS_FOLDER/initial_transform.py', '--cfg-path', '/tmp/tmp72rzz41o']
[2024-11-05T21:47:29.657+0000] {standard_task_runner.py:85} INFO - Job 56: Subtask create_table
[2024-11-05T21:47:29.709+0000] {task_command.py:416} INFO - Running <TaskInstance: initial_transform.create_table manual__2024-11-05T21:47:28.588617+00:00 [running]> on host c5156f201d33
[2024-11-05T21:47:29.799+0000] {taskinstance.py:1662} INFO - Exporting env vars: AIRFLOW_CTX_DAG_OWNER='***' AIRFLOW_CTX_DAG_ID='initial_transform' AIRFLOW_CTX_TASK_ID='create_table' AIRFLOW_CTX_EXECUTION_DATE='2024-11-05T21:47:28.588617+00:00' AIRFLOW_CTX_TRY_NUMBER='1' AIRFLOW_CTX_DAG_RUN_ID='manual__2024-11-05T21:47:28.588617+00:00'
[2024-11-05T21:47:29.812+0000] {connection.py:232} WARNING - Connection schemes (type: hive_cli) shall not contain '_' according to RFC3986.
[2024-11-05T21:47:29.813+0000] {base.py:73} INFO - Using connection ID 'HIVE_CONNECTION' for task execution.
[2024-11-05T21:47:29.887+0000] {hive.py:475} INFO - USE `default`
[2024-11-05T21:47:29.954+0000] {connection.py:232} WARNING - Connection schemes (type: hive_cli) shall not contain '_' according to RFC3986.
[2024-11-05T21:47:29.955+0000] {base.py:73} INFO - Using connection ID 'HIVE_CONNECTION' for task execution.
[2024-11-05T21:47:29.955+0000] {hive.py:475} INFO - set ***.ctx.dag_id=initial_transform
[2024-11-05T21:47:29.957+0000] {hive.py:475} INFO - set ***.ctx.task_id=create_table
[2024-11-05T21:47:29.959+0000] {hive.py:475} INFO - set ***.ctx.execution_date=2024-11-05T21:47:28.588617+00:00
[2024-11-05T21:47:29.961+0000] {hive.py:475} INFO - set ***.ctx.try_number=1
[2024-11-05T21:47:29.963+0000] {hive.py:475} INFO - set ***.ctx.dag_run_id=manual__2024-11-05T21:47:28.588617+00:00
[2024-11-05T21:47:29.965+0000] {hive.py:475} INFO - set ***.ctx.dag_owner=***
[2024-11-05T21:47:29.967+0000] {hive.py:475} INFO - set ***.ctx.dag_email=
[2024-11-05T21:47:29.969+0000] {hive.py:475} INFO - CREATE TABLE programi (Id INT, Nazivu STRING, Univerzitet STRING, Naziv STRING, Nivo STRING, Trajanje INT) row format delimited fields terminated by ',' TBLPROPERTIES('skip.header.line.count'='1')
[2024-11-05T21:47:30.018+0000] {python.py:194} INFO - Done. Returned value was: None
[2024-11-05T21:47:30.030+0000] {taskinstance.py:1400} INFO - Marking task as SUCCESS. dag_id=initial_transform, task_id=create_table, execution_date=20241105T214728, start_date=20241105T214729, end_date=20241105T214730
[2024-11-05T21:47:30.069+0000] {local_task_job_runner.py:228} INFO - Task exited with return code 0
[2024-11-05T21:47:30.099+0000] {taskinstance.py:2778} INFO - 1 downstream tasks scheduled from follow-on schedule check
