[2024-11-05T17:16:01.900+0000] {processor.py:157} INFO - Started process (PID=83) to work on /opt/airflow/dags/load-initial-data.py
[2024-11-05T17:16:01.901+0000] {processor.py:829} INFO - Processing file /opt/airflow/dags/load-initial-data.py for tasks to queue
[2024-11-05T17:16:01.905+0000] {logging_mixin.py:151} INFO - [2024-11-05T17:16:01.904+0000] {dagbag.py:536} INFO - Filling up the DagBag from /opt/airflow/dags/load-initial-data.py
[2024-11-05T17:16:01.923+0000] {processor.py:839} INFO - DAG(s) dict_keys(['initial_dag']) retrieved from /opt/airflow/dags/load-initial-data.py
[2024-11-05T17:16:02.266+0000] {logging_mixin.py:151} INFO - [2024-11-05T17:16:02.265+0000] {manager.py:499} INFO - Created Permission View: %s
[2024-11-05T17:16:02.281+0000] {logging_mixin.py:151} INFO - [2024-11-05T17:16:02.280+0000] {manager.py:499} INFO - Created Permission View: %s
[2024-11-05T17:16:02.294+0000] {logging_mixin.py:151} INFO - [2024-11-05T17:16:02.293+0000] {manager.py:499} INFO - Created Permission View: %s
[2024-11-05T17:16:02.294+0000] {logging_mixin.py:151} INFO - [2024-11-05T17:16:02.294+0000] {dag.py:2941} INFO - Sync 1 DAGs
[2024-11-05T17:16:02.308+0000] {logging_mixin.py:151} INFO - [2024-11-05T17:16:02.308+0000] {dag.py:2963} INFO - Creating ORM DAG for initial_dag
[2024-11-05T17:16:02.309+0000] {logging_mixin.py:151} INFO - [2024-11-05T17:16:02.308+0000] {dag.py:3722} INFO - Setting next_dagrun for initial_dag to None, run_after=None
[2024-11-05T17:16:02.341+0000] {processor.py:179} INFO - Processing /opt/airflow/dags/load-initial-data.py took 0.443 seconds
[2024-11-05T17:16:32.485+0000] {processor.py:157} INFO - Started process (PID=91) to work on /opt/airflow/dags/load-initial-data.py
[2024-11-05T17:16:32.486+0000] {processor.py:829} INFO - Processing file /opt/airflow/dags/load-initial-data.py for tasks to queue
[2024-11-05T17:16:32.489+0000] {logging_mixin.py:151} INFO - [2024-11-05T17:16:32.488+0000] {dagbag.py:536} INFO - Filling up the DagBag from /opt/airflow/dags/load-initial-data.py
[2024-11-05T17:16:32.497+0000] {processor.py:839} INFO - DAG(s) dict_keys(['initial_dag']) retrieved from /opt/airflow/dags/load-initial-data.py
[2024-11-05T17:16:32.524+0000] {logging_mixin.py:151} INFO - [2024-11-05T17:16:32.524+0000] {dag.py:2941} INFO - Sync 1 DAGs
[2024-11-05T17:16:32.535+0000] {logging_mixin.py:151} INFO - [2024-11-05T17:16:32.535+0000] {dag.py:3722} INFO - Setting next_dagrun for initial_dag to None, run_after=None
[2024-11-05T17:16:32.551+0000] {processor.py:179} INFO - Processing /opt/airflow/dags/load-initial-data.py took 0.069 seconds
[2024-11-05T17:17:02.601+0000] {processor.py:157} INFO - Started process (PID=99) to work on /opt/airflow/dags/load-initial-data.py
[2024-11-05T17:17:02.601+0000] {processor.py:829} INFO - Processing file /opt/airflow/dags/load-initial-data.py for tasks to queue
[2024-11-05T17:17:02.603+0000] {logging_mixin.py:151} INFO - [2024-11-05T17:17:02.603+0000] {dagbag.py:536} INFO - Filling up the DagBag from /opt/airflow/dags/load-initial-data.py
[2024-11-05T17:17:02.612+0000] {processor.py:839} INFO - DAG(s) dict_keys(['initial_dag']) retrieved from /opt/airflow/dags/load-initial-data.py
[2024-11-05T17:17:02.640+0000] {logging_mixin.py:151} INFO - [2024-11-05T17:17:02.640+0000] {dag.py:2941} INFO - Sync 1 DAGs
[2024-11-05T17:17:02.650+0000] {logging_mixin.py:151} INFO - [2024-11-05T17:17:02.650+0000] {dag.py:3722} INFO - Setting next_dagrun for initial_dag to None, run_after=None
[2024-11-05T17:17:02.667+0000] {processor.py:179} INFO - Processing /opt/airflow/dags/load-initial-data.py took 0.068 seconds
[2024-11-05T17:17:32.768+0000] {processor.py:157} INFO - Started process (PID=107) to work on /opt/airflow/dags/load-initial-data.py
[2024-11-05T17:17:32.769+0000] {processor.py:829} INFO - Processing file /opt/airflow/dags/load-initial-data.py for tasks to queue
[2024-11-05T17:17:32.772+0000] {logging_mixin.py:151} INFO - [2024-11-05T17:17:32.771+0000] {dagbag.py:536} INFO - Filling up the DagBag from /opt/airflow/dags/load-initial-data.py
[2024-11-05T17:17:32.780+0000] {processor.py:839} INFO - DAG(s) dict_keys(['initial_dag']) retrieved from /opt/airflow/dags/load-initial-data.py
[2024-11-05T17:17:32.810+0000] {logging_mixin.py:151} INFO - [2024-11-05T17:17:32.810+0000] {dag.py:2941} INFO - Sync 1 DAGs
[2024-11-05T17:17:32.820+0000] {logging_mixin.py:151} INFO - [2024-11-05T17:17:32.820+0000] {dag.py:3722} INFO - Setting next_dagrun for initial_dag to None, run_after=None
[2024-11-05T17:17:32.836+0000] {processor.py:179} INFO - Processing /opt/airflow/dags/load-initial-data.py took 0.070 seconds
[2024-11-05T17:18:02.898+0000] {processor.py:157} INFO - Started process (PID=115) to work on /opt/airflow/dags/load-initial-data.py
[2024-11-05T17:18:02.898+0000] {processor.py:829} INFO - Processing file /opt/airflow/dags/load-initial-data.py for tasks to queue
[2024-11-05T17:18:02.900+0000] {logging_mixin.py:151} INFO - [2024-11-05T17:18:02.900+0000] {dagbag.py:536} INFO - Filling up the DagBag from /opt/airflow/dags/load-initial-data.py
[2024-11-05T17:18:02.910+0000] {processor.py:839} INFO - DAG(s) dict_keys(['initial_dag']) retrieved from /opt/airflow/dags/load-initial-data.py
[2024-11-05T17:18:02.934+0000] {logging_mixin.py:151} INFO - [2024-11-05T17:18:02.934+0000] {dag.py:2941} INFO - Sync 1 DAGs
[2024-11-05T17:18:02.945+0000] {logging_mixin.py:151} INFO - [2024-11-05T17:18:02.945+0000] {dag.py:3722} INFO - Setting next_dagrun for initial_dag to None, run_after=None
[2024-11-05T17:18:02.961+0000] {processor.py:179} INFO - Processing /opt/airflow/dags/load-initial-data.py took 0.065 seconds
[2024-11-05T17:18:33.067+0000] {processor.py:157} INFO - Started process (PID=123) to work on /opt/airflow/dags/load-initial-data.py
[2024-11-05T17:18:33.075+0000] {processor.py:829} INFO - Processing file /opt/airflow/dags/load-initial-data.py for tasks to queue
[2024-11-05T17:18:33.077+0000] {logging_mixin.py:151} INFO - [2024-11-05T17:18:33.077+0000] {dagbag.py:536} INFO - Filling up the DagBag from /opt/airflow/dags/load-initial-data.py
[2024-11-05T17:18:33.083+0000] {processor.py:839} INFO - DAG(s) dict_keys(['initial_dag']) retrieved from /opt/airflow/dags/load-initial-data.py
[2024-11-05T17:18:33.109+0000] {logging_mixin.py:151} INFO - [2024-11-05T17:18:33.109+0000] {dag.py:2941} INFO - Sync 1 DAGs
[2024-11-05T17:18:33.120+0000] {logging_mixin.py:151} INFO - [2024-11-05T17:18:33.119+0000] {dag.py:3722} INFO - Setting next_dagrun for initial_dag to None, run_after=None
[2024-11-05T17:18:33.135+0000] {processor.py:179} INFO - Processing /opt/airflow/dags/load-initial-data.py took 0.070 seconds
[2024-11-05T17:19:03.195+0000] {processor.py:157} INFO - Started process (PID=131) to work on /opt/airflow/dags/load-initial-data.py
[2024-11-05T17:19:03.196+0000] {processor.py:829} INFO - Processing file /opt/airflow/dags/load-initial-data.py for tasks to queue
[2024-11-05T17:19:03.197+0000] {logging_mixin.py:151} INFO - [2024-11-05T17:19:03.197+0000] {dagbag.py:536} INFO - Filling up the DagBag from /opt/airflow/dags/load-initial-data.py
[2024-11-05T17:19:03.205+0000] {processor.py:839} INFO - DAG(s) dict_keys(['initial_dag']) retrieved from /opt/airflow/dags/load-initial-data.py
[2024-11-05T17:19:03.231+0000] {logging_mixin.py:151} INFO - [2024-11-05T17:19:03.231+0000] {dag.py:2941} INFO - Sync 1 DAGs
[2024-11-05T17:19:03.242+0000] {logging_mixin.py:151} INFO - [2024-11-05T17:19:03.241+0000] {dag.py:3722} INFO - Setting next_dagrun for initial_dag to None, run_after=None
[2024-11-05T17:19:03.260+0000] {processor.py:179} INFO - Processing /opt/airflow/dags/load-initial-data.py took 0.067 seconds
[2024-11-05T17:19:33.363+0000] {processor.py:157} INFO - Started process (PID=139) to work on /opt/airflow/dags/load-initial-data.py
[2024-11-05T17:19:33.364+0000] {processor.py:829} INFO - Processing file /opt/airflow/dags/load-initial-data.py for tasks to queue
[2024-11-05T17:19:33.366+0000] {logging_mixin.py:151} INFO - [2024-11-05T17:19:33.366+0000] {dagbag.py:536} INFO - Filling up the DagBag from /opt/airflow/dags/load-initial-data.py
[2024-11-05T17:19:33.374+0000] {processor.py:839} INFO - DAG(s) dict_keys(['initial_dag']) retrieved from /opt/airflow/dags/load-initial-data.py
[2024-11-05T17:19:33.400+0000] {logging_mixin.py:151} INFO - [2024-11-05T17:19:33.400+0000] {dag.py:2941} INFO - Sync 1 DAGs
[2024-11-05T17:19:33.413+0000] {logging_mixin.py:151} INFO - [2024-11-05T17:19:33.413+0000] {dag.py:3722} INFO - Setting next_dagrun for initial_dag to None, run_after=None
[2024-11-05T17:19:33.428+0000] {processor.py:179} INFO - Processing /opt/airflow/dags/load-initial-data.py took 0.068 seconds
[2024-11-05T17:23:28.339+0000] {processor.py:157} INFO - Started process (PID=69) to work on /opt/airflow/dags/load-initial-data.py
[2024-11-05T17:23:28.340+0000] {processor.py:829} INFO - Processing file /opt/airflow/dags/load-initial-data.py for tasks to queue
[2024-11-05T17:23:28.342+0000] {logging_mixin.py:151} INFO - [2024-11-05T17:23:28.342+0000] {dagbag.py:536} INFO - Filling up the DagBag from /opt/airflow/dags/load-initial-data.py
[2024-11-05T17:23:28.359+0000] {processor.py:839} INFO - DAG(s) dict_keys(['initial_dag']) retrieved from /opt/airflow/dags/load-initial-data.py
[2024-11-05T17:23:28.480+0000] {logging_mixin.py:151} INFO - [2024-11-05T17:23:28.480+0000] {dag.py:2941} INFO - Sync 1 DAGs
[2024-11-05T17:23:28.498+0000] {logging_mixin.py:151} INFO - [2024-11-05T17:23:28.498+0000] {dag.py:3722} INFO - Setting next_dagrun for initial_dag to None, run_after=None
[2024-11-05T17:23:28.523+0000] {processor.py:179} INFO - Processing /opt/airflow/dags/load-initial-data.py took 0.188 seconds
[2024-11-05T17:23:58.651+0000] {processor.py:157} INFO - Started process (PID=77) to work on /opt/airflow/dags/load-initial-data.py
[2024-11-05T17:23:58.652+0000] {processor.py:829} INFO - Processing file /opt/airflow/dags/load-initial-data.py for tasks to queue
[2024-11-05T17:23:58.654+0000] {logging_mixin.py:151} INFO - [2024-11-05T17:23:58.654+0000] {dagbag.py:536} INFO - Filling up the DagBag from /opt/airflow/dags/load-initial-data.py
[2024-11-05T17:23:58.662+0000] {processor.py:839} INFO - DAG(s) dict_keys(['initial_dag']) retrieved from /opt/airflow/dags/load-initial-data.py
[2024-11-05T17:23:58.689+0000] {logging_mixin.py:151} INFO - [2024-11-05T17:23:58.688+0000] {dag.py:2941} INFO - Sync 1 DAGs
[2024-11-05T17:23:58.701+0000] {logging_mixin.py:151} INFO - [2024-11-05T17:23:58.701+0000] {dag.py:3722} INFO - Setting next_dagrun for initial_dag to None, run_after=None
[2024-11-05T17:23:58.717+0000] {processor.py:179} INFO - Processing /opt/airflow/dags/load-initial-data.py took 0.068 seconds
[2024-11-05T17:24:28.776+0000] {processor.py:157} INFO - Started process (PID=85) to work on /opt/airflow/dags/load-initial-data.py
[2024-11-05T17:24:28.776+0000] {processor.py:829} INFO - Processing file /opt/airflow/dags/load-initial-data.py for tasks to queue
[2024-11-05T17:24:28.779+0000] {logging_mixin.py:151} INFO - [2024-11-05T17:24:28.778+0000] {dagbag.py:536} INFO - Filling up the DagBag from /opt/airflow/dags/load-initial-data.py
[2024-11-05T17:24:28.785+0000] {processor.py:839} INFO - DAG(s) dict_keys(['initial_dag']) retrieved from /opt/airflow/dags/load-initial-data.py
[2024-11-05T17:24:28.813+0000] {logging_mixin.py:151} INFO - [2024-11-05T17:24:28.812+0000] {dag.py:2941} INFO - Sync 1 DAGs
[2024-11-05T17:24:28.823+0000] {logging_mixin.py:151} INFO - [2024-11-05T17:24:28.823+0000] {dag.py:3722} INFO - Setting next_dagrun for initial_dag to None, run_after=None
[2024-11-05T17:24:28.839+0000] {processor.py:179} INFO - Processing /opt/airflow/dags/load-initial-data.py took 0.067 seconds
[2024-11-05T17:24:58.949+0000] {processor.py:157} INFO - Started process (PID=93) to work on /opt/airflow/dags/load-initial-data.py
[2024-11-05T17:24:58.958+0000] {processor.py:829} INFO - Processing file /opt/airflow/dags/load-initial-data.py for tasks to queue
[2024-11-05T17:24:58.960+0000] {logging_mixin.py:151} INFO - [2024-11-05T17:24:58.960+0000] {dagbag.py:536} INFO - Filling up the DagBag from /opt/airflow/dags/load-initial-data.py
[2024-11-05T17:24:58.966+0000] {processor.py:839} INFO - DAG(s) dict_keys(['initial_dag']) retrieved from /opt/airflow/dags/load-initial-data.py
[2024-11-05T17:24:59.002+0000] {logging_mixin.py:151} INFO - [2024-11-05T17:24:59.001+0000] {dag.py:2941} INFO - Sync 1 DAGs
[2024-11-05T17:24:59.019+0000] {logging_mixin.py:151} INFO - [2024-11-05T17:24:59.018+0000] {dag.py:3722} INFO - Setting next_dagrun for initial_dag to None, run_after=None
[2024-11-05T17:24:59.036+0000] {processor.py:179} INFO - Processing /opt/airflow/dags/load-initial-data.py took 0.089 seconds
[2024-11-05T17:25:29.076+0000] {processor.py:157} INFO - Started process (PID=101) to work on /opt/airflow/dags/load-initial-data.py
[2024-11-05T17:25:29.076+0000] {processor.py:829} INFO - Processing file /opt/airflow/dags/load-initial-data.py for tasks to queue
[2024-11-05T17:25:29.079+0000] {logging_mixin.py:151} INFO - [2024-11-05T17:25:29.078+0000] {dagbag.py:536} INFO - Filling up the DagBag from /opt/airflow/dags/load-initial-data.py
[2024-11-05T17:25:29.084+0000] {processor.py:839} INFO - DAG(s) dict_keys(['initial_dag']) retrieved from /opt/airflow/dags/load-initial-data.py
[2024-11-05T17:25:29.112+0000] {logging_mixin.py:151} INFO - [2024-11-05T17:25:29.112+0000] {dag.py:2941} INFO - Sync 1 DAGs
[2024-11-05T17:25:29.122+0000] {logging_mixin.py:151} INFO - [2024-11-05T17:25:29.122+0000] {dag.py:3722} INFO - Setting next_dagrun for initial_dag to None, run_after=None
[2024-11-05T17:25:29.138+0000] {processor.py:179} INFO - Processing /opt/airflow/dags/load-initial-data.py took 0.066 seconds
[2024-11-05T17:25:59.272+0000] {processor.py:157} INFO - Started process (PID=109) to work on /opt/airflow/dags/load-initial-data.py
[2024-11-05T17:25:59.281+0000] {processor.py:829} INFO - Processing file /opt/airflow/dags/load-initial-data.py for tasks to queue
[2024-11-05T17:25:59.283+0000] {logging_mixin.py:151} INFO - [2024-11-05T17:25:59.283+0000] {dagbag.py:536} INFO - Filling up the DagBag from /opt/airflow/dags/load-initial-data.py
[2024-11-05T17:25:59.290+0000] {processor.py:839} INFO - DAG(s) dict_keys(['initial_dag']) retrieved from /opt/airflow/dags/load-initial-data.py
[2024-11-05T17:25:59.315+0000] {logging_mixin.py:151} INFO - [2024-11-05T17:25:59.315+0000] {dag.py:2941} INFO - Sync 1 DAGs
[2024-11-05T17:25:59.326+0000] {logging_mixin.py:151} INFO - [2024-11-05T17:25:59.326+0000] {dag.py:3722} INFO - Setting next_dagrun for initial_dag to None, run_after=None
[2024-11-05T17:25:59.341+0000] {processor.py:179} INFO - Processing /opt/airflow/dags/load-initial-data.py took 0.073 seconds
[2024-11-05T17:28:43.948+0000] {processor.py:157} INFO - Started process (PID=84) to work on /opt/airflow/dags/load-initial-data.py
[2024-11-05T17:28:43.957+0000] {processor.py:829} INFO - Processing file /opt/airflow/dags/load-initial-data.py for tasks to queue
[2024-11-05T17:28:43.960+0000] {logging_mixin.py:151} INFO - [2024-11-05T17:28:43.959+0000] {dagbag.py:536} INFO - Filling up the DagBag from /opt/airflow/dags/load-initial-data.py
[2024-11-05T17:28:43.978+0000] {processor.py:839} INFO - DAG(s) dict_keys(['initial_dag']) retrieved from /opt/airflow/dags/load-initial-data.py
[2024-11-05T17:28:44.214+0000] {logging_mixin.py:151} INFO - [2024-11-05T17:28:44.213+0000] {manager.py:499} INFO - Created Permission View: %s
[2024-11-05T17:28:44.223+0000] {logging_mixin.py:151} INFO - [2024-11-05T17:28:44.223+0000] {manager.py:499} INFO - Created Permission View: %s
[2024-11-05T17:28:44.229+0000] {logging_mixin.py:151} INFO - [2024-11-05T17:28:44.229+0000] {manager.py:499} INFO - Created Permission View: %s
[2024-11-05T17:28:44.230+0000] {logging_mixin.py:151} INFO - [2024-11-05T17:28:44.230+0000] {dag.py:2941} INFO - Sync 1 DAGs
[2024-11-05T17:28:44.238+0000] {logging_mixin.py:151} INFO - [2024-11-05T17:28:44.238+0000] {dag.py:2963} INFO - Creating ORM DAG for initial_dag
[2024-11-05T17:28:44.239+0000] {logging_mixin.py:151} INFO - [2024-11-05T17:28:44.239+0000] {dag.py:3722} INFO - Setting next_dagrun for initial_dag to None, run_after=None
[2024-11-05T17:28:44.255+0000] {processor.py:179} INFO - Processing /opt/airflow/dags/load-initial-data.py took 0.310 seconds
[2024-11-05T17:29:14.384+0000] {processor.py:157} INFO - Started process (PID=92) to work on /opt/airflow/dags/load-initial-data.py
[2024-11-05T17:29:14.385+0000] {processor.py:829} INFO - Processing file /opt/airflow/dags/load-initial-data.py for tasks to queue
[2024-11-05T17:29:14.387+0000] {logging_mixin.py:151} INFO - [2024-11-05T17:29:14.387+0000] {dagbag.py:536} INFO - Filling up the DagBag from /opt/airflow/dags/load-initial-data.py
[2024-11-05T17:29:14.395+0000] {processor.py:839} INFO - DAG(s) dict_keys(['initial_dag']) retrieved from /opt/airflow/dags/load-initial-data.py
[2024-11-05T17:29:14.426+0000] {logging_mixin.py:151} INFO - [2024-11-05T17:29:14.426+0000] {dag.py:2941} INFO - Sync 1 DAGs
[2024-11-05T17:29:14.437+0000] {logging_mixin.py:151} INFO - [2024-11-05T17:29:14.437+0000] {dag.py:3722} INFO - Setting next_dagrun for initial_dag to None, run_after=None
[2024-11-05T17:29:14.452+0000] {processor.py:179} INFO - Processing /opt/airflow/dags/load-initial-data.py took 0.070 seconds
[2024-11-05T17:29:44.514+0000] {processor.py:157} INFO - Started process (PID=100) to work on /opt/airflow/dags/load-initial-data.py
[2024-11-05T17:29:44.514+0000] {processor.py:829} INFO - Processing file /opt/airflow/dags/load-initial-data.py for tasks to queue
[2024-11-05T17:29:44.517+0000] {logging_mixin.py:151} INFO - [2024-11-05T17:29:44.516+0000] {dagbag.py:536} INFO - Filling up the DagBag from /opt/airflow/dags/load-initial-data.py
[2024-11-05T17:29:44.525+0000] {processor.py:839} INFO - DAG(s) dict_keys(['initial_dag']) retrieved from /opt/airflow/dags/load-initial-data.py
[2024-11-05T17:29:44.558+0000] {logging_mixin.py:151} INFO - [2024-11-05T17:29:44.557+0000] {dag.py:2941} INFO - Sync 1 DAGs
[2024-11-05T17:29:44.569+0000] {logging_mixin.py:151} INFO - [2024-11-05T17:29:44.569+0000] {dag.py:3722} INFO - Setting next_dagrun for initial_dag to None, run_after=None
[2024-11-05T17:29:44.591+0000] {processor.py:179} INFO - Processing /opt/airflow/dags/load-initial-data.py took 0.081 seconds
[2024-11-05T17:30:14.680+0000] {processor.py:157} INFO - Started process (PID=108) to work on /opt/airflow/dags/load-initial-data.py
[2024-11-05T17:30:14.681+0000] {processor.py:829} INFO - Processing file /opt/airflow/dags/load-initial-data.py for tasks to queue
[2024-11-05T17:30:14.682+0000] {logging_mixin.py:151} INFO - [2024-11-05T17:30:14.682+0000] {dagbag.py:536} INFO - Filling up the DagBag from /opt/airflow/dags/load-initial-data.py
[2024-11-05T17:30:14.690+0000] {processor.py:839} INFO - DAG(s) dict_keys(['initial_dag']) retrieved from /opt/airflow/dags/load-initial-data.py
[2024-11-05T17:30:14.716+0000] {logging_mixin.py:151} INFO - [2024-11-05T17:30:14.716+0000] {dag.py:2941} INFO - Sync 1 DAGs
[2024-11-05T17:30:14.725+0000] {logging_mixin.py:151} INFO - [2024-11-05T17:30:14.725+0000] {dag.py:3722} INFO - Setting next_dagrun for initial_dag to None, run_after=None
[2024-11-05T17:30:14.739+0000] {processor.py:179} INFO - Processing /opt/airflow/dags/load-initial-data.py took 0.061 seconds
[2024-11-05T17:30:44.825+0000] {processor.py:157} INFO - Started process (PID=116) to work on /opt/airflow/dags/load-initial-data.py
[2024-11-05T17:30:44.826+0000] {processor.py:829} INFO - Processing file /opt/airflow/dags/load-initial-data.py for tasks to queue
[2024-11-05T17:30:44.828+0000] {logging_mixin.py:151} INFO - [2024-11-05T17:30:44.827+0000] {dagbag.py:536} INFO - Filling up the DagBag from /opt/airflow/dags/load-initial-data.py
[2024-11-05T17:30:44.834+0000] {processor.py:839} INFO - DAG(s) dict_keys(['initial_dag']) retrieved from /opt/airflow/dags/load-initial-data.py
[2024-11-05T17:30:44.860+0000] {logging_mixin.py:151} INFO - [2024-11-05T17:30:44.860+0000] {dag.py:2941} INFO - Sync 1 DAGs
[2024-11-05T17:30:44.870+0000] {logging_mixin.py:151} INFO - [2024-11-05T17:30:44.870+0000] {dag.py:3722} INFO - Setting next_dagrun for initial_dag to None, run_after=None
[2024-11-05T17:30:44.889+0000] {processor.py:179} INFO - Processing /opt/airflow/dags/load-initial-data.py took 0.066 seconds
[2024-11-05T17:31:14.972+0000] {processor.py:157} INFO - Started process (PID=124) to work on /opt/airflow/dags/load-initial-data.py
[2024-11-05T17:31:14.973+0000] {processor.py:829} INFO - Processing file /opt/airflow/dags/load-initial-data.py for tasks to queue
[2024-11-05T17:31:14.975+0000] {logging_mixin.py:151} INFO - [2024-11-05T17:31:14.974+0000] {dagbag.py:536} INFO - Filling up the DagBag from /opt/airflow/dags/load-initial-data.py
[2024-11-05T17:31:14.981+0000] {processor.py:839} INFO - DAG(s) dict_keys(['initial_dag']) retrieved from /opt/airflow/dags/load-initial-data.py
[2024-11-05T17:31:15.006+0000] {logging_mixin.py:151} INFO - [2024-11-05T17:31:15.006+0000] {dag.py:2941} INFO - Sync 1 DAGs
[2024-11-05T17:31:15.015+0000] {logging_mixin.py:151} INFO - [2024-11-05T17:31:15.015+0000] {dag.py:3722} INFO - Setting next_dagrun for initial_dag to None, run_after=None
[2024-11-05T17:31:15.031+0000] {processor.py:179} INFO - Processing /opt/airflow/dags/load-initial-data.py took 0.062 seconds
[2024-11-05T17:31:45.126+0000] {processor.py:157} INFO - Started process (PID=132) to work on /opt/airflow/dags/load-initial-data.py
[2024-11-05T17:31:45.126+0000] {processor.py:829} INFO - Processing file /opt/airflow/dags/load-initial-data.py for tasks to queue
[2024-11-05T17:31:45.129+0000] {logging_mixin.py:151} INFO - [2024-11-05T17:31:45.128+0000] {dagbag.py:536} INFO - Filling up the DagBag from /opt/airflow/dags/load-initial-data.py
[2024-11-05T17:31:45.138+0000] {processor.py:839} INFO - DAG(s) dict_keys(['initial_dag']) retrieved from /opt/airflow/dags/load-initial-data.py
[2024-11-05T17:31:45.165+0000] {logging_mixin.py:151} INFO - [2024-11-05T17:31:45.165+0000] {dag.py:2941} INFO - Sync 1 DAGs
[2024-11-05T17:31:45.177+0000] {logging_mixin.py:151} INFO - [2024-11-05T17:31:45.177+0000] {dag.py:3722} INFO - Setting next_dagrun for initial_dag to None, run_after=None
[2024-11-05T17:31:45.194+0000] {processor.py:179} INFO - Processing /opt/airflow/dags/load-initial-data.py took 0.070 seconds
[2024-11-05T17:32:15.259+0000] {processor.py:157} INFO - Started process (PID=140) to work on /opt/airflow/dags/load-initial-data.py
[2024-11-05T17:32:15.259+0000] {processor.py:829} INFO - Processing file /opt/airflow/dags/load-initial-data.py for tasks to queue
[2024-11-05T17:32:15.262+0000] {logging_mixin.py:151} INFO - [2024-11-05T17:32:15.261+0000] {dagbag.py:536} INFO - Filling up the DagBag from /opt/airflow/dags/load-initial-data.py
[2024-11-05T17:32:15.274+0000] {processor.py:839} INFO - DAG(s) dict_keys(['initial_dag']) retrieved from /opt/airflow/dags/load-initial-data.py
[2024-11-05T17:32:15.304+0000] {logging_mixin.py:151} INFO - [2024-11-05T17:32:15.304+0000] {dag.py:2941} INFO - Sync 1 DAGs
[2024-11-05T17:32:15.315+0000] {logging_mixin.py:151} INFO - [2024-11-05T17:32:15.315+0000] {dag.py:3722} INFO - Setting next_dagrun for initial_dag to None, run_after=None
[2024-11-05T17:32:15.331+0000] {processor.py:179} INFO - Processing /opt/airflow/dags/load-initial-data.py took 0.076 seconds
[2024-11-05T17:32:24.342+0000] {processor.py:157} INFO - Started process (PID=141) to work on /opt/airflow/dags/load-initial-data.py
[2024-11-05T17:32:24.350+0000] {processor.py:829} INFO - Processing file /opt/airflow/dags/load-initial-data.py for tasks to queue
[2024-11-05T17:32:24.353+0000] {logging_mixin.py:151} INFO - [2024-11-05T17:32:24.352+0000] {dagbag.py:536} INFO - Filling up the DagBag from /opt/airflow/dags/load-initial-data.py
[2024-11-05T17:32:24.360+0000] {processor.py:839} INFO - DAG(s) dict_keys(['initial_dag']) retrieved from /opt/airflow/dags/load-initial-data.py
[2024-11-05T17:32:24.499+0000] {logging_mixin.py:151} INFO - [2024-11-05T17:32:24.499+0000] {dag.py:2941} INFO - Sync 1 DAGs
[2024-11-05T17:32:24.511+0000] {logging_mixin.py:151} INFO - [2024-11-05T17:32:24.511+0000] {dag.py:3722} INFO - Setting next_dagrun for initial_dag to None, run_after=None
[2024-11-05T17:32:24.528+0000] {processor.py:179} INFO - Processing /opt/airflow/dags/load-initial-data.py took 0.190 seconds
[2024-11-05T17:32:54.655+0000] {processor.py:157} INFO - Started process (PID=149) to work on /opt/airflow/dags/load-initial-data.py
[2024-11-05T17:32:54.656+0000] {processor.py:829} INFO - Processing file /opt/airflow/dags/load-initial-data.py for tasks to queue
[2024-11-05T17:32:54.660+0000] {logging_mixin.py:151} INFO - [2024-11-05T17:32:54.658+0000] {dagbag.py:536} INFO - Filling up the DagBag from /opt/airflow/dags/load-initial-data.py
[2024-11-05T17:32:54.673+0000] {processor.py:839} INFO - DAG(s) dict_keys(['initial_dag']) retrieved from /opt/airflow/dags/load-initial-data.py
[2024-11-05T17:32:54.700+0000] {logging_mixin.py:151} INFO - [2024-11-05T17:32:54.700+0000] {dag.py:2941} INFO - Sync 1 DAGs
[2024-11-05T17:32:54.715+0000] {logging_mixin.py:151} INFO - [2024-11-05T17:32:54.714+0000] {dag.py:3722} INFO - Setting next_dagrun for initial_dag to None, run_after=None
[2024-11-05T17:32:54.732+0000] {processor.py:179} INFO - Processing /opt/airflow/dags/load-initial-data.py took 0.082 seconds
[2024-11-05T17:32:56.666+0000] {processor.py:157} INFO - Started process (PID=150) to work on /opt/airflow/dags/load-initial-data.py
[2024-11-05T17:32:56.666+0000] {processor.py:829} INFO - Processing file /opt/airflow/dags/load-initial-data.py for tasks to queue
[2024-11-05T17:32:56.668+0000] {logging_mixin.py:151} INFO - [2024-11-05T17:32:56.668+0000] {dagbag.py:536} INFO - Filling up the DagBag from /opt/airflow/dags/load-initial-data.py
[2024-11-05T17:32:56.676+0000] {processor.py:839} INFO - DAG(s) dict_keys(['load_initial_data']) retrieved from /opt/airflow/dags/load-initial-data.py
[2024-11-05T17:32:56.790+0000] {logging_mixin.py:151} INFO - [2024-11-05T17:32:56.789+0000] {manager.py:499} INFO - Created Permission View: %s
[2024-11-05T17:32:56.797+0000] {logging_mixin.py:151} INFO - [2024-11-05T17:32:56.796+0000] {manager.py:499} INFO - Created Permission View: %s
[2024-11-05T17:32:56.803+0000] {logging_mixin.py:151} INFO - [2024-11-05T17:32:56.803+0000] {manager.py:499} INFO - Created Permission View: %s
[2024-11-05T17:32:56.803+0000] {logging_mixin.py:151} INFO - [2024-11-05T17:32:56.803+0000] {dag.py:2941} INFO - Sync 1 DAGs
[2024-11-05T17:32:56.813+0000] {logging_mixin.py:151} INFO - [2024-11-05T17:32:56.813+0000] {dag.py:2963} INFO - Creating ORM DAG for load_initial_data
[2024-11-05T17:32:56.813+0000] {logging_mixin.py:151} INFO - [2024-11-05T17:32:56.813+0000] {dag.py:3722} INFO - Setting next_dagrun for load_initial_data to None, run_after=None
[2024-11-05T17:32:56.825+0000] {processor.py:179} INFO - Processing /opt/airflow/dags/load-initial-data.py took 0.162 seconds
