[2024-11-05T14:02:01.825+0000] {processor.py:157} INFO - Started process (PID=168) to work on /opt/airflow/dags/novi-dag.py
[2024-11-05T14:02:01.826+0000] {processor.py:829} INFO - Processing file /opt/airflow/dags/novi-dag.py for tasks to queue
[2024-11-05T14:02:01.829+0000] {logging_mixin.py:151} INFO - [2024-11-05T14:02:01.828+0000] {dagbag.py:536} INFO - Filling up the DagBag from /opt/airflow/dags/novi-dag.py
[2024-11-05T14:02:01.830+0000] {processor.py:841} WARNING - No viable dags retrieved from /opt/airflow/dags/novi-dag.py
[2024-11-05T14:02:01.844+0000] {processor.py:179} INFO - Processing /opt/airflow/dags/novi-dag.py took 0.022 seconds
[2024-11-05T14:02:31.983+0000] {processor.py:157} INFO - Started process (PID=177) to work on /opt/airflow/dags/novi-dag.py
[2024-11-05T14:02:31.983+0000] {processor.py:829} INFO - Processing file /opt/airflow/dags/novi-dag.py for tasks to queue
[2024-11-05T14:02:31.986+0000] {logging_mixin.py:151} INFO - [2024-11-05T14:02:31.986+0000] {dagbag.py:536} INFO - Filling up the DagBag from /opt/airflow/dags/novi-dag.py
[2024-11-05T14:02:31.988+0000] {processor.py:841} WARNING - No viable dags retrieved from /opt/airflow/dags/novi-dag.py
[2024-11-05T14:02:32.003+0000] {processor.py:179} INFO - Processing /opt/airflow/dags/novi-dag.py took 0.024 seconds
[2024-11-05T14:03:02.153+0000] {processor.py:157} INFO - Started process (PID=186) to work on /opt/airflow/dags/novi-dag.py
[2024-11-05T14:03:02.153+0000] {processor.py:829} INFO - Processing file /opt/airflow/dags/novi-dag.py for tasks to queue
[2024-11-05T14:03:02.155+0000] {logging_mixin.py:151} INFO - [2024-11-05T14:03:02.155+0000] {dagbag.py:536} INFO - Filling up the DagBag from /opt/airflow/dags/novi-dag.py
[2024-11-05T14:03:02.157+0000] {processor.py:841} WARNING - No viable dags retrieved from /opt/airflow/dags/novi-dag.py
[2024-11-05T14:03:02.172+0000] {processor.py:179} INFO - Processing /opt/airflow/dags/novi-dag.py took 0.022 seconds
[2024-11-05T14:03:32.324+0000] {processor.py:157} INFO - Started process (PID=196) to work on /opt/airflow/dags/novi-dag.py
[2024-11-05T14:03:32.325+0000] {processor.py:829} INFO - Processing file /opt/airflow/dags/novi-dag.py for tasks to queue
[2024-11-05T14:03:32.327+0000] {logging_mixin.py:151} INFO - [2024-11-05T14:03:32.327+0000] {dagbag.py:536} INFO - Filling up the DagBag from /opt/airflow/dags/novi-dag.py
[2024-11-05T14:03:32.330+0000] {processor.py:841} WARNING - No viable dags retrieved from /opt/airflow/dags/novi-dag.py
[2024-11-05T14:03:32.348+0000] {processor.py:179} INFO - Processing /opt/airflow/dags/novi-dag.py took 0.027 seconds
