[2024-11-05T21:03:22.218+0000] {taskinstance.py:1159} INFO - Dependencies all met for dep_context=non-requeueable deps ti=<TaskInstance: initial_transform.hive_server_task manual__2024-11-05T21:03:19.760613+00:00 [queued]>
[2024-11-05T21:03:22.225+0000] {taskinstance.py:1159} INFO - Dependencies all met for dep_context=requeueable deps ti=<TaskInstance: initial_transform.hive_server_task manual__2024-11-05T21:03:19.760613+00:00 [queued]>
[2024-11-05T21:03:22.226+0000] {taskinstance.py:1361} INFO - Starting attempt 1 of 1
[2024-11-05T21:03:22.236+0000] {taskinstance.py:1382} INFO - Executing <Task(SSHOperator): hive_server_task> on 2024-11-05 21:03:19.760613+00:00
[2024-11-05T21:03:22.244+0000] {standard_task_runner.py:57} INFO - Started process 749 to run task
[2024-11-05T21:03:22.247+0000] {standard_task_runner.py:84} INFO - Running: ['***', 'tasks', 'run', 'initial_transform', 'hive_server_task', 'manual__2024-11-05T21:03:19.760613+00:00', '--job-id', '25', '--raw', '--subdir', 'DAGS_FOLDER/initial_transform.py', '--cfg-path', '/tmp/tmp1vh1e7mh']
[2024-11-05T21:03:22.247+0000] {standard_task_runner.py:85} INFO - Job 25: Subtask hive_server_task
[2024-11-05T21:03:22.298+0000] {task_command.py:416} INFO - Running <TaskInstance: initial_transform.hive_server_task manual__2024-11-05T21:03:19.760613+00:00 [running]> on host c5156f201d33
[2024-11-05T21:03:22.387+0000] {taskinstance.py:1662} INFO - Exporting env vars: AIRFLOW_CTX_DAG_OWNER='***' AIRFLOW_CTX_DAG_ID='initial_transform' AIRFLOW_CTX_TASK_ID='hive_server_task' AIRFLOW_CTX_EXECUTION_DATE='2024-11-05T21:03:19.760613+00:00' AIRFLOW_CTX_TRY_NUMBER='1' AIRFLOW_CTX_DAG_RUN_ID='manual__2024-11-05T21:03:19.760613+00:00'
[2024-11-05T21:03:22.388+0000] {ssh.py:152} INFO - Creating ssh_client
[2024-11-05T21:03:22.388+0000] {ssh.py:300} WARNING - No Host Key Verification. This won't protect against Man-In-The-Middle attacks
[2024-11-05T21:03:22.395+0000] {transport.py:1893} INFO - Connected (version 2.0, client OpenSSH_7.4p1)
[2024-11-05T21:03:22.494+0000] {transport.py:1893} INFO - Authentication (password) successful!
[2024-11-05T21:03:22.495+0000] {ssh.py:478} INFO - Running command: /opt/hive/bin/beeline -u jdbc:hive2://localhost:10000 -e 'CREATE TABLE pokes2 (foo INT, bar STRING);'
[2024-11-05T21:03:24.963+0000] {ssh.py:529} WARNING - SLF4J: Class path contains multiple SLF4J bindings.
[2024-11-05T21:03:24.964+0000] {ssh.py:529} WARNING - SLF4J: Found binding in [jar:file:/opt/hive/lib/log4j-slf4j-impl-2.6.2.jar!/org/slf4j/impl/StaticLoggerBinder.class]
[2024-11-05T21:03:24.964+0000] {ssh.py:529} WARNING - SLF4J: Found binding in [jar:file:/opt/hadoop-2.7.4/share/hadoop/common/lib/slf4j-log4j12-1.7.10.jar!/org/slf4j/impl/StaticLoggerBinder.class]
[2024-11-05T21:03:24.965+0000] {ssh.py:529} WARNING - SLF4J: See http://www.slf4j.org/codes.html#multiple_bindings for an explanation.
[2024-11-05T21:03:24.965+0000] {ssh.py:529} WARNING - SLF4J: Actual binding is of type [org.apache.logging.slf4j.Log4jLoggerFactory]
[2024-11-05T21:03:25.010+0000] {ssh.py:529} WARNING - Connecting to jdbc:hive2://localhost:10000
[2024-11-05T21:03:25.346+0000] {ssh.py:529} WARNING - Connected to: Apache Hive (version 2.3.2)
[2024-11-05T21:03:25.346+0000] {ssh.py:529} WARNING - Driver: Hive JDBC (version 2.3.2)
[2024-11-05T21:03:25.346+0000] {ssh.py:529} WARNING - Transaction isolation: TRANSACTION_REPEATABLE_READ
[2024-11-05T21:03:25.502+0000] {ssh.py:529} WARNING - No rows affected (0.15 seconds)
[2024-11-05T21:03:25.509+0000] {ssh.py:529} WARNING - Beeline version 2.3.2 by Apache Hive
[2024-11-05T21:03:25.511+0000] {ssh.py:529} WARNING - Closing: 0: jdbc:hive2://localhost:10000
[2024-11-05T21:03:25.588+0000] {taskinstance.py:1400} INFO - Marking task as SUCCESS. dag_id=initial_transform, task_id=hive_server_task, execution_date=20241105T210319, start_date=20241105T210322, end_date=20241105T210325
[2024-11-05T21:03:25.629+0000] {local_task_job_runner.py:228} INFO - Task exited with return code 0
[2024-11-05T21:03:25.650+0000] {taskinstance.py:2778} INFO - 0 downstream tasks scheduled from follow-on schedule check
